<?xml version="1.0" encoding="UTF-8"?>
<testng-results ignored="0" total="1" passed="1" failed="0" skipped="0">
  <reporter-output>
  </reporter-output>
  <suite started-at="2021-12-26T10:50:52 IST" name="Default suite" finished-at="2021-12-26T10:51:09 IST" duration-ms="17393">
    <groups>
    </groups>
    <test started-at="2021-12-26T10:50:52 IST" name="Default test" finished-at="2021-12-26T10:51:09 IST" duration-ms="17393">
      <class name="com.bank.testcases.TC_AddNewUserTeat_002">
        <test-method is-config="true" signature="setup()[pri:0, instance:com.bank.testcases.TC_AddNewUserTeat_002@47d9a273]" started-at="2021-12-26T10:50:52 IST" name="setup" finished-at="2021-12-26T10:50:58 IST" duration-ms="6819" status="PASS">
          <reporter-output>
          </reporter-output>
        </test-method> <!-- setup -->
        <test-method signature="ValidatingAddCustomer()[pri:0, instance:com.bank.testcases.TC_AddNewUserTeat_002@47d9a273]" started-at="2021-12-26T10:50:58 IST" name="ValidatingAddCustomer" finished-at="2021-12-26T10:51:09 IST" duration-ms="10528" status="PASS">
          <reporter-output>
          </reporter-output>
        </test-method> <!-- ValidatingAddCustomer -->
        <test-method is-config="true" signature="tearDown()[pri:0, instance:com.bank.testcases.TC_AddNewUserTeat_002@47d9a273]" started-at="2021-12-26T10:51:09 IST" name="tearDown" finished-at="2021-12-26T10:51:09 IST" duration-ms="0" status="PASS">
          <reporter-output>
          </reporter-output>
        </test-method> <!-- tearDown -->
      </class> <!-- com.bank.testcases.TC_AddNewUserTeat_002 -->
    </test> <!-- Default test -->
  </suite> <!-- Default suite -->
</testng-results>
